<?xml version="1.0" encoding="UTF-8" ?>
<testsuite tests="4" failures="0" name="com.javasm.mybatis.UserTest" time="0.617" errors="0" skipped="0">
  <properties>
    <property name="java.runtime.name" value="Java(TM) SE Runtime Environment"/>
    <property name="java.vm.version" value="11.0.14+8-LTS-263"/>
    <property name="sun.boot.library.path" value="D:\JavaUtils\jdk-11.0.14\bin"/>
    <property name="maven.multiModuleProjectDirectory" value="D:\JavaUtils\Redis\IDEA\MyBatisStudy\MyBatisStudy-Day02"/>
    <property name="java.vm.vendor" value="Oracle Corporation"/>
    <property name="java.vendor.url" value="https://openjdk.java.net/"/>
    <property name="guice.disable.misplaced.annotation.check" value="true"/>
    <property name="path.separator" value=";"/>
    <property name="java.vm.name" value="Java HotSpot(TM) 64-Bit Server VM"/>
    <property name="sun.os.patch.level" value=""/>
    <property name="user.script" value=""/>
    <property name="user.country" value="CN"/>
    <property name="sun.java.launcher" value="SUN_STANDARD"/>
    <property name="java.vm.specification.name" value="Java Virtual Machine Specification"/>
    <property name="user.dir" value="D:\JavaUtils\Redis\IDEA\MyBatisStudy\MyBatisStudy-Day02"/>
    <property name="java.vm.compressedOopsMode" value="32-bit"/>
    <property name="java.runtime.version" value="11.0.14+8-LTS-263"/>
    <property name="java.awt.graphicsenv" value="sun.awt.Win32GraphicsEnvironment"/>
    <property name="os.arch" value="amd64"/>
    <property name="java.io.tmpdir" value="C:\Users\JAVASM\AppData\Local\Temp\"/>
    <property name="line.separator" value="
"/>
    <property name="java.vm.specification.vendor" value="Oracle Corporation"/>
    <property name="user.variant" value=""/>
    <property name="os.name" value="Windows 10"/>
    <property name="maven.ext.class.path" value="D:\JavaUtils\IntelliJ IDEA 2020.1.1\plugins\maven\lib\maven-event-listener.jar"/>
    <property name="classworlds.conf" value="D:\JavaUtils\apache-maven-3.8.4\bin\m2.conf"/>
    <property name="sun.jnu.encoding" value="GBK"/>
    <property name="java.library.path" value="D:\JavaUtils\jdk-11.0.14\bin;C:\Windows\Sun\Java\bin;C:\Windows\system32;C:\Windows;C:\Program Files\Common Files\Oracle\Java\javapath;C:\Windows\system32;C:\Windows;C:\Windows\System32\Wbem;C:\Windows\System32\WindowsPowerShell\v1.0\;C:\Program Files\TortoiseSVN\bin;D:\JavaUtils\jdk-11.0.14\bin;D:\JavaUtils\MySQL\MySQL80\bin;D:\JavaUtils\apache-maven-3.8.4\bin;C:\Program Files\Apache Software Foundation\Tomcat 9.0\lib;C:\Program Files\Apache Software Foundation\Tomcat 9.0\bin;C:\Program Files\nodejs\;D:\JavaUtils\jdk-11.0.14\bin;C:\Users\JAVASM\AppData\Local\Microsoft\WindowsApps;E:\Wei\EXE\新建文件夹\;E:\Wei\EXE\Bandizip\;C:\Users\JAVASM\AppData\Roaming\npm;."/>
    <property name="maven.conf" value="D:\JavaUtils\apache-maven-3.8.4/conf"/>
    <property name="jdk.debug" value="release"/>
    <property name="java.class.version" value="55.0"/>
    <property name="java.specification.name" value="Java Platform API Specification"/>
    <property name="sun.management.compiler" value="HotSpot 64-Bit Tiered Compilers"/>
    <property name="maven.repo.local" value="D:\JavaUtils\Redis\maven\LocalRepository"/>
    <property name="os.version" value="10.0"/>
    <property name="user.home" value="C:\Users\JAVASM"/>
    <property name="user.timezone" value="Asia/Shanghai"/>
    <property name="java.awt.printerjob" value="sun.awt.windows.WPrinterJob"/>
    <property name="file.encoding" value="UTF-8"/>
    <property name="java.specification.version" value="11"/>
    <property name="user.name" value="JAVASM"/>
    <property name="java.class.path" value="D:\JavaUtils\apache-maven-3.8.4\boot\plexus-classworlds-2.6.0.jar;D:\JavaUtils\apache-maven-3.8.4\boot\plexus-classworlds.license"/>
    <property name="java.vm.specification.version" value="11"/>
    <property name="sun.arch.data.model" value="64"/>
    <property name="sun.java.command" value="org.codehaus.classworlds.Launcher -Didea.version2020.1.1 -s D:\JavaUtils\apache-maven-3.8.4\conf\settings.xml -Dmaven.repo.local=D:\JavaUtils\Redis\maven\LocalRepository install"/>
    <property name="java.home" value="D:\JavaUtils\jdk-11.0.14"/>
    <property name="user.language" value="zh"/>
    <property name="java.specification.vendor" value="Oracle Corporation"/>
    <property name="idea.version2020.1.1" value="true"/>
    <property name="awt.toolkit" value="sun.awt.windows.WToolkit"/>
    <property name="java.vm.info" value="mixed mode"/>
    <property name="java.version" value="11.0.14"/>
    <property name="java.vendor" value="Oracle Corporation"/>
    <property name="maven.home" value="D:\JavaUtils\apache-maven-3.8.4"/>
    <property name="file.separator" value="\"/>
    <property name="java.version.date" value="2022-01-18"/>
    <property name="java.vendor.url.bug" value="https://bugreport.java.com/bugreport/"/>
    <property name="sun.io.unicode.encoding" value="UnicodeLittle"/>
    <property name="sun.cpu.endian" value="little"/>
    <property name="java.vendor.version" value="18.9"/>
    <property name="sun.desktop" value="windows"/>
    <property name="sun.cpu.isalist" value="amd64"/>
  </properties>
  <testcase classname="com.javasm.mybatis.UserTest" name="insertUserFindAutoId" time="0.479"/>
  <testcase classname="com.javasm.mybatis.UserTest" name="tableNameInsert" time="0.05"/>
  <testcase classname="com.javasm.mybatis.UserTest" name="userLikeSelect" time="0.066"/>
  <testcase classname="com.javasm.mybatis.UserTest" name="userDelete" time="0.022"/>
</testsuite>